<?xml version="1.0" encoding="UTF-8"?>
<!-- Generated by org.testng.reporters.JUnitReportReporter -->
<testsuite hostname="WPF45D05X" failures="0" tests="4" name="rs_StandAloneTest.TC_05_TestSubmitOrderWithJSONData" time="44.499" errors="0" timestamp="2025-01-21T18:20:44 IST" skipped="0">
  <testcase classname="rs_StandAloneTest.TC_05_TestSubmitOrderWithJSONData" name="testSubmitOrder" time="18.780"/>
  <system-out/>
  <testcase classname="rs_StandAloneTest.TC_05_TestSubmitOrderWithJSONData" name="testSubmitOrder" time="18.191"/>
  <system-out/>
  <testcase classname="rs_StandAloneTest.TC_05_TestSubmitOrderWithJSONData" name="OrderHistoryTest" time="3.651"/>
  <system-out/>
  <testcase classname="rs_StandAloneTest.TC_05_TestSubmitOrderWithJSONData" name="OrderHistoryTest" time="3.877"/>
  <system-out/>
</testsuite> <!-- rs_StandAloneTest.TC_05_TestSubmitOrderWithJSONData -->
