<?xml version="1.0" encoding="UTF-8"?>
<!-- Generated by org.testng.reporters.JUnitReportReporter -->
<testsuite hostname="WPF45D05X" failures="0" tests="4" name="testCases.TC_LoginDDTTest" time="80.386" errors="0" timestamp="2024-11-30T13:17:14 IST" skipped="0">
  <testcase classname="testCases.TC_LoginDDTTest" name="verify_login" time="35.284"/>
  <system-out/>
  <testcase classname="testCases.TC_LoginDDTTest" name="verify_login" time="35.849"/>
  <system-out/>
  <testcase classname="testCases.TC_LoginDDTTest" name="verify_login" time="4.862"/>
  <system-out/>
  <testcase classname="testCases.TC_LoginDDTTest" name="verify_login" time="4.391"/>
  <system-out/>
</testsuite> <!-- testCases.TC_LoginDDTTest -->
