<?xml version="1.0" encoding="UTF-8"?>
<!-- Generated by org.testng.reporters.JUnitReportReporter -->
<testsuite hostname="WPF45D05X" failures="0" tests="1" name="rs_Cucumber.TestNGTestRunner" time="4.990" errors="0" timestamp="2025-01-23T16:35:01 IST" skipped="0">
  <testcase classname="rs_Cucumber.TestNGTestRunner" name="runScenario" time="4.990"/>
  <system-out/>
</testsuite> <!-- rs_Cucumber.TestNGTestRunner -->
