<?xml version="1.0" encoding="UTF-8"?>
<!-- Generated by org.testng.reporters.JUnitReportReporter -->
<testsuite hostname="WPF45D05X" failures="0" tests="4" name="qaSDET.testCases.TC_LoginDDTTest" time="76.456" errors="0" timestamp="2025-02-01T11:00:33 IST" skipped="0">
  <testcase classname="qaSDET.testCases.TC_LoginDDTTest" name="verify_login" time="33.919"/>
  <system-out/>
  <testcase classname="qaSDET.testCases.TC_LoginDDTTest" name="verify_login" time="4.289"/>
  <system-out/>
  <testcase classname="qaSDET.testCases.TC_LoginDDTTest" name="verify_login" time="33.905"/>
  <system-out/>
  <testcase classname="qaSDET.testCases.TC_LoginDDTTest" name="verify_login" time="4.343"/>
  <system-out/>
</testsuite> <!-- qaSDET.testCases.TC_LoginDDTTest -->
