<?xml version="1.0" encoding="UTF-8"?>
<!-- Generated by org.testng.reporters.JUnitReportReporter -->
<testsuite hostname="WPF45D05X" failures="0" tests="1" name="testCases.TC_AccountRegistrationTest" time="2.166" errors="0" timestamp="2025-01-22T13:32:15 IST" skipped="0">
  <testcase classname="testCases.TC_AccountRegistrationTest" name="verify_Account_Registration" time="2.166"/>
  <system-out/>
</testsuite> <!-- testCases.TC_AccountRegistrationTest -->
