<?xml version="1.0" encoding="UTF-8"?>
<!-- Generated by org.testng.reporters.JUnitReportReporter -->
<testsuite hostname="WPF45D05X" failures="0" tests="2" name="testngintegration.parameterization.DataProviderDemo_1" time="35.282" errors="0" timestamp="2024-11-21T18:32:55 IST" skipped="0">
  <testcase classname="testngintegration.parameterization.DataProviderDemo_1" name="testLogin" time="19.102"/>
  <system-out/>
  <testcase classname="testngintegration.parameterization.DataProviderDemo_1" name="testLogin" time="16.180"/>
  <system-out/>
</testsuite> <!-- testngintegration.parameterization.DataProviderDemo_1 -->
