<?xml version="1.0" encoding="UTF-8"?>
<!-- Generated by org.testng.reporters.JUnitReportReporter -->
<testsuite hostname="WPF45D05X" failures="0" tests="2" name="testngintegration.TestNGAnnotationsDemo_1" time="0.021" errors="0" timestamp="2024-11-21T13:34:29 IST" skipped="0">
  <testcase classname="testngintegration.TestNGAnnotationsDemo_1" name="advsearch" time="0.012"/>
  <system-out/>
  <testcase classname="testngintegration.TestNGAnnotationsDemo_1" name="search" time="0.009"/>
  <system-out/>
</testsuite> <!-- testngintegration.TestNGAnnotationsDemo_1 -->
