<?xml version="1.0" encoding="UTF-8"?>
<!-- Generated by org.testng.reporters.JUnitReportReporter -->
<testsuite hostname="WPF45D05X" failures="0" tests="3" name="testngintegration.grouping.LoginTest" time="0.013" errors="0" timestamp="2024-11-21T16:38:36 IST" skipped="0">
  <testcase classname="testngintegration.grouping.LoginTest" name="testLoginByEmail" time="0.011"/>
  <system-out/>
  <testcase classname="testngintegration.grouping.LoginTest" name="testLoginByFB" time="0.001"/>
  <system-out/>
  <testcase classname="testngintegration.grouping.LoginTest" name="testLoginByGH" time="0.001"/>
  <system-out/>
</testsuite> <!-- testngintegration.grouping.LoginTest -->
