<?xml version="1.0" encoding="UTF-8"?>
<!-- Generated by org.testng.reporters.JUnitReportReporter -->
<testsuite hostname="WPF45D05X" failures="0" tests="2" name="testngintegration.TestNGAnnotationsDemo_2" time="0.015" errors="0" timestamp="2024-11-21T13:42:57 IST" skipped="0">
  <testcase classname="testngintegration.TestNGAnnotationsDemo_2" name="search" time="0.006"/>
  <system-out/>
  <testcase classname="testngintegration.TestNGAnnotationsDemo_2" name="advsearch" time="0.009"/>
  <system-out/>
</testsuite> <!-- testngintegration.TestNGAnnotationsDemo_2 -->
