<?xml version="1.0" encoding="UTF-8"?>
<!-- Generated by org.testng.reporters.JUnitReportReporter -->
<testsuite hostname="WPF45D05X" failures="0" tests="4" name="testCases.TC_LoginDDTTest" time="80.026" errors="0" timestamp="2024-12-31T17:11:45 IST" skipped="0">
  <testcase classname="testCases.TC_LoginDDTTest" name="verify_login" time="5.059"/>
  <system-out/>
  <testcase classname="testCases.TC_LoginDDTTest" name="verify_login" time="6.250"/>
  <system-out/>
  <testcase classname="testCases.TC_LoginDDTTest" name="verify_login" time="34.274"/>
  <system-out/>
  <testcase classname="testCases.TC_LoginDDTTest" name="verify_login" time="34.443"/>
  <system-out/>
</testsuite> <!-- testCases.TC_LoginDDTTest -->
