<?xml version="1.0" encoding="UTF-8"?>
<!-- Generated by org.testng.reporters.JUnitReportReporter -->
<testsuite hostname="WPF45D05X" failures="0" tests="4" name="testCases.TC_LoginDDTTest" time="79.401" errors="0" timestamp="2025-01-28T16:06:26 IST" skipped="0">
  <testcase classname="testCases.TC_LoginDDTTest" name="verify_login" time="34.299"/>
  <system-out/>
  <testcase classname="testCases.TC_LoginDDTTest" name="verify_login" time="5.499"/>
  <system-out/>
  <testcase classname="testCases.TC_LoginDDTTest" name="verify_login" time="5.406"/>
  <system-out/>
  <testcase classname="testCases.TC_LoginDDTTest" name="verify_login" time="34.197"/>
  <system-out/>
</testsuite> <!-- testCases.TC_LoginDDTTest -->
