<?xml version="1.0" encoding="UTF-8"?>
<!-- Generated by org.testng.reporters.JUnitReportReporter -->
<testsuite hostname="WPF45D05X" failures="0" tests="4" name="testngintegration.OrangeHrmTest" time="36.557" errors="0" timestamp="2024-11-20T15:49:38 IST" skipped="0">
  <testcase classname="testngintegration.OrangeHrmTest" name="openapp" time="34.530"/>
  <system-out/>
  <testcase classname="testngintegration.OrangeHrmTest" name="testlogo" time="0.391"/>
  <system-out/>
  <testcase classname="testngintegration.OrangeHrmTest" name="testlogin" time="1.479"/>
  <system-out/>
  <testcase classname="testngintegration.OrangeHrmTest" name="closeapp" time="0.157"/>
  <system-out/>
</testsuite> <!-- testngintegration.OrangeHrmTest -->
