<?xml version="1.0" encoding="UTF-8"?>
<!-- Generated by org.testng.reporters.JUnitReportReporter -->
<testsuite hostname="WPF45D05X" failures="0" tests="1" name="testCases.TC_LoginTest" time="2.588" errors="0" timestamp="2025-01-22T13:32:15 IST" skipped="0">
  <testcase classname="testCases.TC_LoginTest" name="verify_login" time="2.588"/>
  <system-out/>
</testsuite> <!-- testCases.TC_LoginTest -->
