<?xml version="1.0" encoding="UTF-8"?>
<!-- Generated by org.testng.reporters.JUnitReportReporter -->
<testsuite hostname="WPF45D05X" failures="0" tests="1" name="rs_StandAloneTest.TC_03_TestLoginPageError" time="5.454" errors="0" timestamp="2025-01-21T13:25:10 IST" skipped="0">
  <testcase classname="rs_StandAloneTest.TC_03_TestLoginPageError" name="testSubmitOrder" time="5.454"/>
  <system-out/>
</testsuite> <!-- rs_StandAloneTest.TC_03_TestLoginPageError -->
