<?xml version="1.0" encoding="UTF-8"?>
<!-- Generated by org.testng.reporters.JUnitReportReporter -->
<testsuite hostname="WPF45D05X" failures="0" tests="4" name="rs_StandAloneTest.TC_04_TestSubmitOrderWithHashMapData" time="45.848" errors="0" timestamp="2025-01-21T18:20:44 IST" skipped="0">
  <testcase classname="rs_StandAloneTest.TC_04_TestSubmitOrderWithHashMapData" name="OrderHistoryTest" time="3.196"/>
  <system-out/>
  <testcase classname="rs_StandAloneTest.TC_04_TestSubmitOrderWithHashMapData" name="testSubmitOrder" time="19.623"/>
  <system-out/>
  <testcase classname="rs_StandAloneTest.TC_04_TestSubmitOrderWithHashMapData" name="OrderHistoryTest" time="3.075"/>
  <system-out/>
  <testcase classname="rs_StandAloneTest.TC_04_TestSubmitOrderWithHashMapData" name="testSubmitOrder" time="19.954"/>
  <system-out/>
</testsuite> <!-- rs_StandAloneTest.TC_04_TestSubmitOrderWithHashMapData -->
