<?xml version="1.0" encoding="UTF-8"?>
<!-- Generated by org.testng.reporters.JUnitReportReporter -->
<testsuite hostname="WPF45D05X" failures="0" tests="3" name="testngintegration.FirstTestngTestCase" time="0.012" errors="0" timestamp="2024-11-20T15:20:42 IST" skipped="0">
  <testcase classname="testngintegration.FirstTestngTestCase" name="openapp" time="0.010"/>
  <system-out/>
  <testcase classname="testngintegration.FirstTestngTestCase" name="login" time="0.001"/>
  <system-out/>
  <testcase classname="testngintegration.FirstTestngTestCase" name="logout" time="0.001"/>
  <system-out/>
</testsuite> <!-- testngintegration.FirstTestngTestCase -->
