<?xml version="1.0" encoding="UTF-8"?>
<!-- Generated by org.testng.reporters.JUnitReportReporter -->
<testsuite hostname="WPF45D05X" failures="0" tests="1" name="qaSDET.testCases.TC_LoginTest" time="14.865" errors="0" timestamp="2025-01-30T17:16:36 IST" skipped="0">
  <testcase classname="qaSDET.testCases.TC_LoginTest" name="verify_login" time="14.865"/>
  <system-out/>
</testsuite> <!-- qaSDET.testCases.TC_LoginTest -->
