<?xml version="1.0" encoding="UTF-8"?>
<!-- Generated by org.testng.reporters.JUnitReportReporter -->
<testsuite hostname="WPF45D05X" failures="0" tests="2" name="testngintegration.AllAnnotationsDemo" time="0.011" errors="0" timestamp="2024-11-21T14:58:53 IST" skipped="0">
  <testcase classname="testngintegration.AllAnnotationsDemo" name="search" time="0.003"/>
  <system-out/>
  <testcase classname="testngintegration.AllAnnotationsDemo" name="advsearch" time="0.008"/>
  <system-out/>
</testsuite> <!-- testngintegration.AllAnnotationsDemo -->
