<?xml version="1.0" encoding="UTF-8"?>
<!-- Generated by org.testng.reporters.JUnitReportReporter -->
<testsuite hostname="WPF45D05X" failures="0" tests="3" name="testngintegration.parameterization.DataProviderDemo_2" time="0.025" errors="0" timestamp="2025-01-26T12:05:40 IST" skipped="0">
  <testcase classname="testngintegration.parameterization.DataProviderDemo_2" name="testDataProvider" time="0.021"/>
  <system-out/>
  <testcase classname="testngintegration.parameterization.DataProviderDemo_2" name="testDataProvider" time="0.001"/>
  <system-out/>
  <testcase classname="testngintegration.parameterization.DataProviderDemo_2" name="testDataProvider" time="0.003"/>
  <system-out/>
</testsuite> <!-- testngintegration.parameterization.DataProviderDemo_2 -->
