<?xml version="1.0" encoding="UTF-8"?>
<!-- Generated by org.testng.reporters.JUnitReportReporter -->
<testsuite hostname="WPF45D05X" failures="0" tests="1" name="qaSDET.testCases.TC_AccountRegistrationTest" time="1.521" errors="0" timestamp="2025-02-01T11:05:59 IST" skipped="0">
  <testcase classname="qaSDET.testCases.TC_AccountRegistrationTest" name="verify_Account_Registration" time="1.521"/>
  <system-out/>
</testsuite> <!-- qaSDET.testCases.TC_AccountRegistrationTest -->
