<?xml version="1.0" encoding="UTF-8"?>
<!-- Generated by org.testng.reporters.JUnitReportReporter -->
<testsuite hostname="WPF45D05X" failures="0" tests="1" name="testngintegration.AssertsionsDemo.HardAssertionsDemo_1" time="0.011" errors="0" timestamp="2024-11-21T15:22:33 IST" skipped="0">
  <testcase classname="testngintegration.AssertsionsDemo.HardAssertionsDemo_1" name="testAsert" time="0.011"/>
  <system-out/>
</testsuite> <!-- testngintegration.AssertsionsDemo.HardAssertionsDemo_1 -->
