<?xml version="1.0" encoding="UTF-8"?>
<!-- Generated by org.testng.reporters.JUnitReportReporter -->
<testsuite hostname="WPF45D05X" failures="0" tests="2" name="testngintegration.C1" time="0.013" errors="0" timestamp="2024-11-21T14:57:59 IST" skipped="0">
  <testcase classname="testngintegration.C1" name="test1" time="0.010"/>
  <system-out/>
  <testcase classname="testngintegration.C1" name="test1" time="0.003"/>
  <system-out/>
</testsuite> <!-- testngintegration.C1 -->
