<?xml version="1.0" encoding="UTF-8"?>
<!-- Generated by org.testng.reporters.JUnitReportReporter -->
<testsuite hostname="WPF45D05X" failures="0" tests="1" name="testCases.TC_LoginTest" time="1.657" errors="0" timestamp="2025-01-28T16:06:26 IST" skipped="0">
  <testcase classname="testCases.TC_LoginTest" name="verify_login" time="1.657"/>
  <system-out/>
</testsuite> <!-- testCases.TC_LoginTest -->
