<?xml version="1.0" encoding="UTF-8"?>
<!-- Generated by org.testng.reporters.JUnitReportReporter -->
<testsuite hostname="WPF45D05X" failures="0" tests="1" name="qaSDET.testCases.TC_LoginTest" time="1.089" errors="0" timestamp="2025-02-01T11:00:33 IST" skipped="0">
  <testcase classname="qaSDET.testCases.TC_LoginTest" name="verify_login" time="1.089"/>
  <system-out/>
</testsuite> <!-- qaSDET.testCases.TC_LoginTest -->
