<?xml version="1.0" encoding="UTF-8"?>
<!-- Generated by org.testng.reporters.JUnitReportReporter -->
<testsuite hostname="WPF45D05X" failures="0" tests="2" name="testngintegration.grouping.PaymentsTest" time="0.010" errors="0" timestamp="2024-11-21T16:35:15 IST" skipped="0">
  <testcase classname="testngintegration.grouping.PaymentsTest" name="testpaymentInRupees" time="0.009"/>
  <system-out/>
  <testcase classname="testngintegration.grouping.PaymentsTest" name="testpaymentInDollars" time="0.001"/>
  <system-out/>
</testsuite> <!-- testngintegration.grouping.PaymentsTest -->
