<?xml version="1.0" encoding="UTF-8"?>
<!-- Generated by org.testng.reporters.JUnitReportReporter -->
<testsuite hostname="WPF45D05X" failures="0" tests="4" name="rs_StandAloneTest.TC_02_TestSubmitOrderUpdated" time="44.844" errors="0" timestamp="2025-02-04T10:12:13 IST" skipped="0">
  <testcase classname="rs_StandAloneTest.TC_02_TestSubmitOrderUpdated" name="OrderHistoryTest" time="11.231"/>
  <system-out/>
  <testcase classname="rs_StandAloneTest.TC_02_TestSubmitOrderUpdated" name="testSubmitOrder" time="20.273"/>
  <system-out/>
  <testcase classname="rs_StandAloneTest.TC_02_TestSubmitOrderUpdated" name="OrderHistoryTest" time="3.851"/>
  <system-out/>
  <testcase classname="rs_StandAloneTest.TC_02_TestSubmitOrderUpdated" name="testSubmitOrder" time="9.489"/>
  <system-out/>
</testsuite> <!-- rs_StandAloneTest.TC_02_TestSubmitOrderUpdated -->
