<?xml version="1.0" encoding="UTF-8"?>
<!-- Generated by org.testng.reporters.JUnitReportReporter -->
<testsuite hostname="WPF45D05X" failures="0" tests="3" name="testngintegration.grouping.SignUpTests" time="0.005" errors="0" timestamp="2024-11-21T16:32:49 IST" skipped="0">
  <testcase classname="testngintegration.grouping.SignUpTests" name="testSignUpByEmail" time="0.001"/>
  <system-out/>
  <testcase classname="testngintegration.grouping.SignUpTests" name="testLSignUpByFB" time="0.001"/>
  <system-out/>
  <testcase classname="testngintegration.grouping.SignUpTests" name="testSignUpByGH" time="0.003"/>
  <system-out/>
</testsuite> <!-- testngintegration.grouping.SignUpTests -->
