<?xml version="1.0" encoding="UTF-8"?>
<!-- Generated by org.testng.reporters.JUnitReportReporter -->
<testsuite hostname="WPF45D05X" failures="0" tests="1" name="pageobjectmodel.LoginTest" time="2.063" errors="0" timestamp="2024-11-22T17:09:53 IST" skipped="0">
  <testcase classname="pageobjectmodel.LoginTest" name="testLogin" time="2.063"/>
  <system-out/>
</testsuite> <!-- pageobjectmodel.LoginTest -->
