<?xml version="1.0" encoding="UTF-8"?>
<!-- Generated by org.testng.reporters.JUnitReportReporter -->
<testsuite hostname="WPF45D05X" failures="0" tests="1" name="testCases.TC_LoginTest" time="1.124" errors="0" timestamp="2024-11-30T20:44:46 IST" skipped="0">
  <testcase classname="testCases.TC_LoginTest" name="verify_login" time="1.124"/>
  <system-out/>
</testsuite> <!-- testCases.TC_LoginTest -->
