<?xml version="1.0" encoding="UTF-8"?>
<!-- Generated by org.testng.reporters.JUnitReportReporter -->
<testsuite skipped="0" hostname="WPF45D05X" name="testCases.TC_AccountRegistrationTest" tests="1" failures="0" timestamp="2025-01-22T13:33:28 IST" time="1.922" errors="0">
  <testcase name="verify_Account_Registration" time="1.922" classname="testCases.TC_AccountRegistrationTest"/>
  <system-out/>
</testsuite> <!-- testCases.TC_AccountRegistrationTest -->
