<?xml version="1.0" encoding="UTF-8"?>
<!-- Generated by org.testng.reporters.JUnitReportReporter -->
<testsuite hostname="WPF45D05X" failures="0" tests="1" name="testCases.TC_AccountRegistrationTest" time="3.481" errors="0" timestamp="2024-12-01T15:03:00 IST" skipped="0">
  <testcase classname="testCases.TC_AccountRegistrationTest" name="verify_Account_Registration" time="3.481"/>
</testsuite> <!-- testCases.TC_AccountRegistrationTest -->
